C:\USERS\OLEG\DOCUMENTS\VISUAL STUDIO 2010\PROJECTS\ALCHEMY\DEBUG\HMI.DLL
C:\USERS\OLEG\DOCUMENTS\VISUAL STUDIO 2010\PROJECTS\ALCHEMY\DEBUG\HMI.ILK
C:\USERS\OLEG\DOCUMENTS\VISUAL STUDIO 2010\PROJECTS\ALCHEMY\DEBUG\HMI.LIB
C:\USERS\OLEG\DOCUMENTS\VISUAL STUDIO 2010\PROJECTS\ALCHEMY\DEBUG\HMI.PDB
C:\Users\Oleg\Documents\Visual Studio 2010\Projects\alchemy\HMI\Debug\cl.command.1.tlog
C:\Users\Oleg\Documents\Visual Studio 2010\Projects\alchemy\HMI\Debug\CL.read.1.tlog
C:\Users\Oleg\Documents\Visual Studio 2010\Projects\alchemy\HMI\Debug\CL.write.1.tlog
C:\USERS\OLEG\DOCUMENTS\VISUAL STUDIO 2010\PROJECTS\ALCHEMY\HMI\DEBUG\HMI.DLL.EMBED.MANIFEST
C:\USERS\OLEG\DOCUMENTS\VISUAL STUDIO 2010\PROJECTS\ALCHEMY\HMI\DEBUG\HMI.DLL.EMBED.MANIFEST.RES
C:\USERS\OLEG\DOCUMENTS\VISUAL STUDIO 2010\PROJECTS\ALCHEMY\HMI\DEBUG\HMI.DLL.INTERMEDIATE.MANIFEST
C:\Users\Oleg\Documents\Visual Studio 2010\Projects\alchemy\HMI\Debug\HMI.vcxprojResolveAssemblyReference.cache
C:\Users\Oleg\Documents\Visual Studio 2010\Projects\alchemy\HMI\Debug\HMI.write.1.tlog
C:\USERS\OLEG\DOCUMENTS\VISUAL STUDIO 2010\PROJECTS\ALCHEMY\HMI\DEBUG\HMI_INTERFACES.OBJ
C:\Users\Oleg\Documents\Visual Studio 2010\Projects\alchemy\HMI\Debug\HMI_manifest.rc
C:\Users\Oleg\Documents\Visual Studio 2010\Projects\alchemy\HMI\Debug\lib.command.1.tlog
C:\Users\Oleg\Documents\Visual Studio 2010\Projects\alchemy\HMI\Debug\Lib-link.read.1.tlog
C:\Users\Oleg\Documents\Visual Studio 2010\Projects\alchemy\HMI\Debug\Lib-link.write.1.tlog
C:\Users\Oleg\Documents\Visual Studio 2010\Projects\alchemy\HMI\Debug\link.8660.read.1.tlog
C:\Users\Oleg\Documents\Visual Studio 2010\Projects\alchemy\HMI\Debug\link.8660.write.1.tlog
C:\Users\Oleg\Documents\Visual Studio 2010\Projects\alchemy\HMI\Debug\link.8660-cvtres.read.1.tlog
C:\Users\Oleg\Documents\Visual Studio 2010\Projects\alchemy\HMI\Debug\link.8660-cvtres.write.1.tlog
C:\Users\Oleg\Documents\Visual Studio 2010\Projects\alchemy\HMI\Debug\link.command.1.tlog
C:\Users\Oleg\Documents\Visual Studio 2010\Projects\alchemy\HMI\Debug\link.read.1.tlog
C:\Users\Oleg\Documents\Visual Studio 2010\Projects\alchemy\HMI\Debug\link.write.1.tlog
C:\Users\Oleg\Documents\Visual Studio 2010\Projects\alchemy\HMI\Debug\link-cvtres.read.1.tlog
C:\Users\Oleg\Documents\Visual Studio 2010\Projects\alchemy\HMI\Debug\link-cvtres.write.1.tlog
C:\Users\Oleg\Documents\Visual Studio 2010\Projects\alchemy\HMI\Debug\mt.command.1.tlog
C:\Users\Oleg\Documents\Visual Studio 2010\Projects\alchemy\HMI\Debug\mt.read.1.tlog
C:\Users\Oleg\Documents\Visual Studio 2010\Projects\alchemy\HMI\Debug\mt.write.1.tlog
C:\Users\Oleg\Documents\Visual Studio 2010\Projects\alchemy\HMI\Debug\rc.command.1.tlog
C:\Users\Oleg\Documents\Visual Studio 2010\Projects\alchemy\HMI\Debug\rc.read.1.tlog
C:\Users\Oleg\Documents\Visual Studio 2010\Projects\alchemy\HMI\Debug\rc.write.1.tlog
C:\Users\Oleg\Documents\Visual Studio 2010\Projects\alchemy\HMI\Debug\vc100.idb
C:\USERS\OLEG\DOCUMENTS\VISUAL STUDIO 2010\PROJECTS\ALCHEMY\HMI\DEBUG\VC100.PDB
C:\USERS\OLEG\DOCUMENTS\VISUAL STUDIO 2010\PROJECTS\HMI\HMI\DEBUG\HMI.DLL.EMBED.MANIFEST.RES
