Build started 13/03/2015 20:34:38.
     1>Project "G:\Projects\TheUI\TheUI\TheUI.vcxproj" on node 2 (build target(s)).
     1>InitializeBuildStatus:
         Creating "Release\TheUI.unsuccessfulbuild" because "AlwaysCreate" was specified.
       GenerateTargetFrameworkMonikerAttribute:
       Skipping target "GenerateTargetFrameworkMonikerAttribute" because all output files are up-to-date with respect to the input files.
       ClCompile:
         C:\Program Files (x86)\Microsoft Visual Studio 10.0\VC\bin\CL.exe /c /AI"C:\Program Files (x86)\Reference Assemblies\Microsoft\Framework\.NETFramework\v4.0" /Zi /clr /nologo /W3 /WX- /O2 /Oy- /D WIN32 /D NDEBUG /D _UNICODE /D UNICODE /EHa /MD /GS /fp:precise /Zc:wchar_t /Zc:forScope /Yc"StdAfx.h" /Fp"Release\TheUI.pch" /Fo"Release\\" /Fd"Release\vc100.pdb" /TP /FU"C:\Program Files (x86)\Reference Assemblies\Microsoft\Framework\.NETFramework\v4.0\System.Core.dll" /FU"C:\Program Files (x86)\Reference Assemblies\Microsoft\Framework\.NETFramework\v4.0\System.Data.dll" /FU"C:\Program Files (x86)\Reference Assemblies\Microsoft\Framework\.NETFramework\v4.0\System.dll" /FU"C:\Program Files (x86)\Reference Assemblies\Microsoft\Framework\.NETFramework\v4.0\System.Xml.dll" /analyze- /errorReport:prompt AssemblyInfo.cpp Renderer.cpp Scene.cpp SimpleList.cpp TheUI.cpp stdafx.cpp /clr:nostdlib 
         AssemblyInfo.cpp
         Renderer.cpp
     1>Renderer.cpp(19): warning C4244: 'initializing' : conversion from 'double' to 'GLfloat', possible loss of data
     1>Renderer.cpp(20): warning C4244: 'initializing' : conversion from 'double' to 'GLfloat', possible loss of data
     1>Renderer.cpp(21): warning C4244: 'initializing' : conversion from 'double' to 'GLfloat', possible loss of data
     1>Renderer.cpp(22): warning C4244: 'initializing' : conversion from 'double' to 'GLfloat', possible loss of data
         Scene.cpp
     1>g:\projects\theui\theui\linkedlist.h(35): warning C4700: uninitialized local variable 'newelement' used
         SimpleList.cpp
     1>SimpleList.cpp(40): warning C4244: '=' : conversion from 'double' to 'int', possible loss of data
     1>SimpleList.cpp(41): warning C4244: '=' : conversion from 'double' to 'int', possible loss of data
     1>SimpleList.cpp(42): warning C4244: '=' : conversion from 'double' to 'int', possible loss of data
     1>SimpleList.cpp(43): warning C4244: '=' : conversion from 'double' to 'int', possible loss of data
     1>SimpleList.cpp(44): warning C4244: '=' : conversion from 'int' to 'float', possible loss of data
         TheUI.cpp
         stdafx.cpp
         All outputs are up-to-date.
       ResourceCompile:
         All outputs are up-to-date.
       Link:
         C:\Program Files (x86)\Microsoft Visual Studio 10.0\VC\bin\link.exe /ERRORREPORT:PROMPT /OUT:"G:\Projects\TheUI\Release\TheUI.exe" /INCREMENTAL:NO /NOLOGO glfw3.lib kernel32.lib user32.lib gdi32.lib winspool.lib shell32.lib ole32.lib oleaut32.lib uuid.lib comdlg32.lib advapi32.lib glu32.lib opengl32.lib "glew-1.12.0\lib\Release\win32\glew32.lib" "glew-1.12.0\lib\Release\win32\glew32s.lib" kernel32.lib user32.lib gdi32.lib winspool.lib comdlg32.lib advapi32.lib shell32.lib ole32.lib oleaut32.lib uuid.lib odbc32.lib odbccp32.lib /MANIFEST /ManifestFile:"Release\TheUI.exe.intermediate.manifest" /MANIFESTUAC:"level='asInvoker' uiAccess='false'" /DEBUG /PDB:"G:\Projects\TheUI\Release\TheUI.pdb" /TLBID:1 /DYNAMICBASE /FIXED:NO /NXCOMPAT /MACHINE:X86 Release\app.res
         Release\AssemblyInfo.obj
         Release\Renderer.obj
         Release\Scene.obj
         Release\SimpleList.obj
         Release\stdafx.obj
         Release\TheUI.obj
         Release\UIElement.obj
         "Release\.NETFramework,Version=v4.0.AssemblyAttributes.obj"
     1>TheUI.obj : warning LNK4248: unresolved typeref token (0100001A) for 'GLFWwindow'; image may not run
     1>TheUI.obj : warning LNK4248: unresolved typeref token (0100001D) for 'GLFWmonitor'; image may not run
         TheUI.vcxproj -> G:\Projects\TheUI\Release\TheUI.exe
       Manifest:
         C:\Program Files (x86)\Microsoft SDKs\Windows\v7.0A\bin\mt.exe /nologo /verbose /outputresource:"G:\Projects\TheUI\Release\TheUI.exe;#1" /manifest Release\TheUI.exe.intermediate.manifest
       FinalizeBuildStatus:
         Deleting file "Release\TheUI.unsuccessfulbuild".
         Touching "Release\TheUI.lastbuildstate".
     1>Done Building Project "G:\Projects\TheUI\TheUI\TheUI.vcxproj" (build target(s)).

Build succeeded.

Time Elapsed 00:00:03.34
