G:\PROJECTS\THEUI\RELEASE\THEUI.EXE
G:\PROJECTS\THEUI\RELEASE\THEUI.PDB
G:\PROJECTS\THEUI\THEUI\RELEASE\.NETFRAMEWORK,VERSION=V4.0.ASSEMBLYATTRIBUTES.OBJ
G:\PROJECTS\THEUI\THEUI\RELEASE\APP.RES
G:\PROJECTS\THEUI\THEUI\RELEASE\ASSEMBLYINFO.OBJ
G:\Projects\TheUI\TheUI\Release\cl.command.1.tlog
G:\Projects\TheUI\TheUI\Release\CL.read.1.tlog
G:\Projects\TheUI\TheUI\Release\CL.write.1.tlog
G:\Projects\TheUI\TheUI\Release\link.command.1.tlog
G:\Projects\TheUI\TheUI\Release\link.read.1.tlog
G:\Projects\TheUI\TheUI\Release\link.write.1.tlog
G:\Projects\TheUI\TheUI\Release\link-cvtres.read.1.tlog
G:\Projects\TheUI\TheUI\Release\link-cvtres.write.1.tlog
G:\Projects\TheUI\TheUI\Release\mt.command.1.tlog
G:\Projects\TheUI\TheUI\Release\mt.read.1.tlog
G:\Projects\TheUI\TheUI\Release\mt.write.1.tlog
G:\Projects\TheUI\TheUI\Release\rc.command.1.tlog
G:\Projects\TheUI\TheUI\Release\rc.read.1.tlog
G:\Projects\TheUI\TheUI\Release\rc.write.1.tlog
G:\PROJECTS\THEUI\THEUI\RELEASE\SCENE.OBJ
G:\PROJECTS\THEUI\THEUI\RELEASE\SIMPLELIST.OBJ
G:\PROJECTS\THEUI\THEUI\RELEASE\STDAFX.OBJ
G:\PROJECTS\THEUI\THEUI\RELEASE\THEUI.EXE.INTERMEDIATE.MANIFEST
G:\PROJECTS\THEUI\THEUI\RELEASE\THEUI.OBJ
G:\PROJECTS\THEUI\THEUI\RELEASE\THEUI.PCH
G:\Projects\TheUI\TheUI\Release\TheUI.write.1.tlog
G:\PROJECTS\THEUI\THEUI\RELEASE\UIELEMENT.OBJ
G:\PROJECTS\THEUI\THEUI\RELEASE\VC100.PDB
